<?xml version="1.0" encoding="UTF-8"?>
<testng-results ignored="0" total="1" passed="1" failed="0" skipped="0">
  <reporter-output>
  </reporter-output>
  <suite started-at="2023-01-22T15:26:27 BDT" name="Default suite" finished-at="2023-01-22T15:26:43 BDT" duration-ms="16021">
    <groups>
    </groups>
    <test started-at="2023-01-22T15:26:27 BDT" name="Default test" finished-at="2023-01-22T15:26:43 BDT" duration-ms="16021">
      <class name="webautomation1_22123.W_A_1_22123">
        <test-method signature="Loadgoogle()[pri:0, instance:webautomation1_22123.W_A_1_22123@5158b42f]" started-at="2023-01-22T15:26:27 BDT" name="Loadgoogle" finished-at="2023-01-22T15:26:43 BDT" duration-ms="15981" status="PASS">
          <reporter-output>
          </reporter-output>
        </test-method> <!-- Loadgoogle -->
      </class> <!-- webautomation1_22123.W_A_1_22123 -->
    </test> <!-- Default test -->
  </suite> <!-- Default suite -->
</testng-results>
